./scripts/smoke.sh
Sketch uses 412955 bytes (13%) of program storage space. Maximum is 3145728 bytes.
Global variables use 22904 bytes (6%) of dynamic memory, leaving 304776 bytes for local variables. Maximum is 327680 bytes.
esptool v5.1.0
Serial port /dev/cu.usbmodem83101:
Connecting...
Connected to ESP32-S3 on /dev/cu.usbmodem83101:
Chip type:          ESP32-S3 (QFN56) (revision v0.2)
Features:           Wi-Fi, BT 5 (LE), Dual Core + LP Core, 240MHz, Embedded PSRAM 8MB (AP_3v3)
Crystal frequency:  40MHz
USB mode:           USB-Serial/JTAG
MAC:                1c:db:d4:7b:53:54

Uploading stub flasher...
Running stub flasher...
Stub flasher running.
Changing baud rate to 921600...
Changed.

Configuring flash size...
Flash will be erased from 0x00000000 to 0x00004fff...
Flash will be erased from 0x00008000 to 0x00008fff...
Flash will be erased from 0x0000e000 to 0x0000ffff...
Flash will be erased from 0x00010000 to 0x00074fff...
Compressed 20224 bytes to 13062...
Writing at 0x00000000 [                              ]   0.0% 0/13062 bytes...
Writing at 0x00004f00 [==============================] 100.0% 13062/13062 bytes...
Wrote 20224 bytes (13062 compressed) at 0x00000000 in 0.3 seconds (501.2 kbit/s).
Hash of data verified.
Compressed 3072 bytes to 144...
Writing at 0x00008000 [                              ]   0.0% 0/144 bytes...
Writing at 0x00008c00 [==============================] 100.0% 144/144 bytes...
Wrote 3072 bytes (144 compressed) at 0x00008000 in 0.0 seconds (523.2 kbit/s).
Hash of data verified.
Compressed 8192 bytes to 47...
Writing at 0x0000e000 [                              ]   0.0% 0/47 bytes...
Writing at 0x00010000 [==============================] 100.0% 47/47 bytes...
Wrote 8192 bytes (47 compressed) at 0x0000e000 in 0.1 seconds (732.8 kbit/s).
Hash of data verified.
Compressed 413104 bytes to 215083...
Writing at 0x00010000 [                              ]   0.0% 0/215083 bytes...
Writing at 0x0001d3f6 [=>                            ]   7.6% 16384/215083 bytes...
Writing at 0x00030375 [===>                          ]  15.2% 32768/215083 bytes...
Writing at 0x000360ad [=====>                        ]  22.9% 49152/215083 bytes...
Writing at 0x0003bcbb [========>                     ]  30.5% 65536/215083 bytes...
Writing at 0x000414d8 [==========>                   ]  38.1% 81920/215083 bytes...
Writing at 0x00046bae [============>                 ]  45.7% 98304/215083 bytes...
Writing at 0x0004c5ed [==============>               ]  53.3% 114688/215083 bytes...
Writing at 0x00052a8d [=================>            ]  60.9% 131072/215083 bytes...
Writing at 0x0005b04e [===================>          ]  68.6% 147456/215083 bytes...
Writing at 0x00061fb6 [=====================>        ]  76.2% 163840/215083 bytes...
Writing at 0x000681b5 [========================>     ]  83.8% 180224/215083 bytes...
Writing at 0x0006de36 [==========================>   ]  91.4% 196608/215083 bytes...
Writing at 0x00073f90 [============================> ]  99.0% 212992/215083 bytes...
Writing at 0x00074db0 [==============================] 100.0% 215083/215083 bytes...
Wrote 413104 bytes (215083 compressed) at 0x00010000 in 3.2 seconds (1041.5 kbit/s).
Hash of data verified.

Hard resetting via RTS pin...
New upload port: /dev/cu.usbmodem83101 (serial)
Capturing serial output from /dev/cu.usbmodem83101 for 8s -> /Users/phodal/hardware/arduino/docs/evidence/ok-qoder-20260614-112150/logs/smoke-20260614-112442.log
codex_hello_world frame=8
codex_hello_world frame=9
codex_hello_world frame=10
codex_hello_world frame=11
codex_hello_world frame=12
codex_hello_world frame=13
codex_hello_world frame=14
codex_hello_world frame=15
codex_hello_world frame=16
codex_hello_world frame=17
codex_hello_world frame=18
codex_hello_world frame=19
codex_hello_world frame=20
codex_hello_world frame=21
codex_hello_world frame=22
